<?xml version="1.0" encoding="UTF-8"?>
<!-- Generated by org.testng.reporters.JUnitReportReporter -->
<testsuite skipped="0" hostname="ShiekKhurram" name="com.qa.crm.testcases.NewContactPageValidation" tests="1" failures="0" timestamp="09 Nov 2018 14:12:26 GMT" time="51.005" errors="0">
  <testcase name="creatingContact" time="51.005" classname="com.qa.crm.testcases.NewContactPageValidation"/>
</testsuite> <!-- com.qa.crm.testcases.NewContactPageValidation -->
