<?xml version="1.0" encoding="UTF-8"?>
<!-- Generated by org.testng.reporters.JUnitReportReporter -->
<testsuite hostname="DESKTOP-QP469N6" failures="0" tests="3" name="com.qa.crm.testcases.LoginPageValidation" time="172.142" errors="0" timestamp="08 Nov 2018 15:06:08 GMT" skipped="0">
  <testcase classname="com.qa.crm.testcases.LoginPageValidation" name="is_Company_Logo_Displayed" time="46.486"/>
  <testcase classname="com.qa.crm.testcases.LoginPageValidation" name="validating_Login_Page_Title" time="53.042"/>
  <testcase classname="com.qa.crm.testcases.LoginPageValidation" name="checking_for_successfull_Login" time="72.614"/>
</testsuite> <!-- com.qa.crm.testcases.LoginPageValidation -->
